Copyright (c) 1996, 2014, Oracle and/or its affiliates. All rights reserved.
#This is the time taken for the interview/data collection phase.
Interview Time : 2 seconds.
#Time taken to copy files to the machine
Install Time : 14 seconds.
#Time taken to link files on the machine. This is not applicable to Windows Systems.
Link Time : 0 seconds.
#Time taken to configure the product.
Configuration Time : 0 seconds.
#This is the time taken to complete the full install session.
Session Time : 46 seconds.
#Operating System on the machine
Operating System : Linux
#Processor on the machine
Processor Architecture : amd64
#The cycle speed of the CPU
CPU Speed : 2.3408203125 GHz
#This is the number of CPUs available to the installer's JVM
CPU Number : 2 Processors.
#This is the total RAM on the system
Total Memory : 7816 MB.
#RAM available to the installer's JVM during the install session.
Available Memory : 124 MB.
#Available Swap space on this machine when installer started
Available Swap Space : 2047 MB.
#Maximum number of threads at any given instance during this install session.
Peak Thread Count : 12 Threads.
#Installation Directory
Oracle Home : /data/docontadm/Oracle/wls_1213
#Indicates SILENT or GUI mode install type.
Install Mode : SILENT
#Total size of files copied on the machine by the installer
Oracle Home Size : 0.7854917393997312 GB.
#The location of the shiphome
Installed From : ../stage/products.xml
#Time taken to remove files from the machine
Deinstall Time : 0 seconds.


